Arguments: 
  C:\Program Files\nodejs\node.exe C:\Program Files (x86)\Yarn\bin\yarn.js start

PATH: 
  C:\Program Files\PowerShell\7;C:\Program Files (x86)\Common Files\Oracle\Java\javapath;C:\ProgramData\Anaconda3;C:\ProgramData\Anaconda3\Library\mingw-w64\bin;C:\ProgramData\Anaconda3\Library\usr\bin;C:\ProgramData\Anaconda3\Library\bin;C:\ProgramData\Anaconda3\Scripts;C:\WINDOWS\system32;C:\WINDOWS;C:\WINDOWS\System32\Wbem;C:\WINDOWS\System32\WindowsPowerShell\v1.0\;C:\WINDOWS\System32\OpenSSH\;C:\Program Files\Git\cmd;C:\Program Files\PowerShell\7\;C:\Program Files\nodejs\;C:\ProgramData\chocolatey\bin;C:\Program Files (x86)\Yarn\bin\;C:\Program Files\Microsoft\Azure Functions Core Tools\;C:\Spark\bin;C:\Java\jdk1.8.0_271\bin;C:\Program Files (x86)\PowerShell\7\;C:\Program Files\Docker\Docker\resources\bin;C:\ProgramData\DockerDesktop\version-bin;C:\Users\HFerd\scoop\shims;C:\Users\HFerd\AppData\Local\Microsoft\WindowsApps;C:\Users\HFerd\AppData\Local\Programs\Microsoft VS Code\bin;C:\Users\HFerd\AppData\Roaming\npm;C:\Users\HFerd\AppData\Local\Yarn\bin;C:\Program Files\heroku\bin;C:\Users\HFerd\AppData\Local\Microsoft\WindowsApps

Yarn version: 
  1.22.5

Node version: 
  10.23.0

Platform: 
  win32 x64

Trace: 
  SyntaxError: C:\Users\HFerd\Desktop\graphQP_project1\server\package.json: Unexpected token } in JSON at position 358
      at JSON.parse (<anonymous>)
      at C:\Program Files (x86)\Yarn\lib\cli.js:1625:59
      at Generator.next (<anonymous>)
      at step (C:\Program Files (x86)\Yarn\lib\cli.js:310:30)
      at C:\Program Files (x86)\Yarn\lib\cli.js:321:13

npm manifest: 
  {
    "name": "graphqp_project1",
    "version": "1.0.0",
    "main": "index.js",
    "Description": "This is Reza's PRoject for his final thesis",
    "keywords": [
      "Node.js",
      "Javascript",
      "GraphQL",
      "Express",
      "Apollo",
      "Meteor"
    ],
    "scripts": {
      "start": "nodemon app.js",
      "test": "echo \"Error: no test specified\" && exit 1",
    },
    "author": "Reza",
    "license": "ISC",
    "description": "",
    "dependencies": {
      "@azure/cosmos": "^3.10.4",
      "cors": "^2.8.5",
      "dotenv": "^8.2.0",
      "express": "^4.17.1",
      "express-graphql": "^0.9.0",
      "graphql": "^14.6.0",
      "lodash": "^4.17.20",
      "mongodb": "^3.6.2",
      "mongoose": "^5.12.2",
      "tedious": "^11.0.6"
    },
    "engines": {
      "node": "10.23.0"
    },
    "devDependencies": {
      "nodemon": "^2.0.7"
    }
  }

yarn manifest: 
  No manifest

Lockfile: 
  No lockfile
